Arguments: 
  /usr/local/Cellar/node/9.8.0/bin/node /usr/local/Cellar/yarn/1.5.1_1/libexec/bin/yarn.js add require-dictionary

PATH: 
  /Library/Frameworks/Python.framework/Versions/3.6/bin:/Users/mikemahon/Downloads/google-cloud-sdk/bin:/usr/local/bin:/usr/bin:/bin:/usr/sbin:/sbin

Yarn version: 
  1.5.1

Node version: 
  9.8.0

Platform: 
  darwin x64

npm manifest: 
  {
    "dependencies": {
      "ramda": "^0.25.0"
    }
  }

yarn manifest: 
  No manifest

Lockfile: 
  # THIS IS AN AUTOGENERATED FILE. DO NOT EDIT THIS FILE DIRECTLY.
  # yarn lockfile v1
  
  
  ramda@^0.25.0:
    version "0.25.0"
    resolved "https://registry.yarnpkg.com/ramda/-/ramda-0.25.0.tgz#8fdf68231cffa90bc2f9460390a0cb74a29b29a9"

Trace: 
  Error: https://registry.yarnpkg.com/require-dictionary: Not found
      at Request.params.callback [as _callback] (/usr/local/Cellar/yarn/1.5.1_1/libexec/lib/cli.js:65019:18)
      at Request.self.callback (/usr/local/Cellar/yarn/1.5.1_1/libexec/lib/cli.js:132430:22)
      at Request.emit (events.js:180:13)
      at Request.<anonymous> (/usr/local/Cellar/yarn/1.5.1_1/libexec/lib/cli.js:133413:10)
      at Request.emit (events.js:180:13)
      at IncomingMessage.<anonymous> (/usr/local/Cellar/yarn/1.5.1_1/libexec/lib/cli.js:133333:12)
      at Object.onceWrapper (events.js:272:13)
      at IncomingMessage.emit (events.js:185:15)
      at endReadableNT (_stream_readable.js:1101:12)
      at process._tickCallback (internal/process/next_tick.js:114:19)
